OpenGL vendor string:   VMware, Inc.
OpenGL renderer string: Gallium 0.4 on SVGA3D; build: RELEASE;  LLVM;
OpenGL version string:  3.0 Mesa 12.0.6

Not software rendered:    [32;01myes[00m
Not blacklisted:          [32;01myes[00m
GLX fbconfig:             [32;01myes[00m
GLX texture from pixmap:  [32;01myes[00m
GL npot or rect textures: [32;01myes[00m
GL vertex program:        [32;01myes[00m
GL fragment program:      [32;01myes[00m
GL vertex buffer object:  [32;01myes[00m
GL framebuffer object:    [32;01myes[00m
GL version is 1.4+:       [32;01myes[00m

Unity 3D supported:       [32;01myes[00m
Using compiz profile 'ubuntu'
compizconfig - Info: Backend     : gsettings
compizconfig - Info: Integration : true
compizconfig - Info: Profile     : unity
compiz (core) - Info: Loading plugin: core
compiz (core) - Info: Starting plugin: core
compiz (core) - Info: Loading plugin: ccp
compiz (core) - Info: Starting plugin: ccp
compizconfig - Info: Backend     : gsettings
compizconfig - Info: Integration : true
compizconfig - Info: Profile     : unity
compiz (core) - Info: Loading plugin: composite
compiz (core) - Info: Starting plugin: composite
compiz (core) - Info: Loading plugin: opengl
compiz (core) - Info: Starting plugin: opengl
compiz (core) - Info: Loading plugin: vpswitch
compiz (core) - Info: Starting plugin: vpswitch
compiz (core) - Info: Loading plugin: snap
compiz (core) - Info: Starting plugin: snap
compiz (core) - Info: Loading plugin: resize
compiz (core) - Info: Starting plugin: resize
compiz (core) - Info: Loading plugin: move
compiz (core) - Info: Starting plugin: move
compiz (core) - Info: Loading plugin: wall
compiz (core) - Info: Starting plugin: wall
compiz (core) - Info: Loading plugin: mousepoll
compiz (core) - Info: Starting plugin: mousepoll
compiz (core) - Info: Loading plugin: commands
compiz (core) - Info: Starting plugin: commands
compiz (core) - Info: Loading plugin: regex
compiz (core) - Info: Starting plugin: regex
compiz (core) - Info: Loading plugin: compiztoolbox
compiz (core) - Info: Starting plugin: compiztoolbox
compiz (core) - Info: Loading plugin: grid
compiz (core) - Info: Starting plugin: grid
compiz (core) - Info: Loading plugin: place
compiz (core) - Info: Starting plugin: place
compiz (core) - Info: Loading plugin: imgpng
compiz (core) - Info: Starting plugin: imgpng
compiz (core) - Info: Loading plugin: copytex
compiz (core) - Info: Starting plugin: copytex
compiz (core) - Info: Loading plugin: animation
compiz (core) - Info: Starting plugin: animation
compiz (core) - Info: Loading plugin: expo
compiz (core) - Info: Starting plugin: expo
compiz (core) - Info: Loading plugin: session
compiz (core) - Info: Starting plugin: session
compiz (core) - Info: Loading plugin: workarounds
compiz (core) - Info: Starting plugin: workarounds
compiz (core) - Info: Loading plugin: unitymtgrabhandles
compiz (core) - Info: Starting plugin: unitymtgrabhandles
compiz (core) - Info: Loading plugin: fade
compiz (core) - Info: Starting plugin: fade
compiz (core) - Info: Loading plugin: ezoom
compiz (core) - Info: Starting plugin: ezoom
compiz (core) - Info: Loading plugin: scale
compiz (core) - Info: Starting plugin: scale
compiz (core) - Info: Loading plugin: unityshell
compiz (core) - Info: Starting plugin: unityshell
WARN  2017-06-18 02:13:51 unity.glib.dbus.server GLibDBusServer.cpp:593 Can't register object 'org.gnome.Shell' yet as we don't have a connection, waiting for it...
WARN  2017-06-18 02:13:52 unity.debug.interface DebugDBusInterface.cpp:217 Unable to load entry point in libxpathselect: libxpathselect.so.1.4: cannot open shared object file: No such file or directory -- full D-Bus introspection will not be available
WARN  2017-06-18 02:13:52 xim.controller XIMController.cpp:103 IBus natively supported.
WARN  2017-06-18 02:13:52 unity.dash.gsettingsscopereader GSettingsScopes.cpp:108 Error fetching protocol metadata for scope: social.scope : Valid key file could not be found in search dirs
WARN  2017-06-18 02:13:52 unity.glib.dbus.server GLibDBusServer.cpp:593 Can't register object 'com.canonical.Unity.Launcher' yet as we don't have a connection, waiting for it...
WARN  2017-06-18 02:13:52 unity.glib.dbus.server GLibDBusServer.cpp:593 Can't register object 'com.canonical.Unity.Dash' yet as we don't have a connection, waiting for it...
WARN  2017-06-18 02:13:53 unity.glib.dbus.server GLibDBusServer.cpp:593 Can't register object 'org.gnome.SessionManager.EndSessionDialog' yet as we don't have a connection, waiting for it...
WARN  2017-06-18 02:13:53 unity.glib.dbus.server GLibDBusServer.cpp:593 Can't register object 'com.canonical.Unity.Session' yet as we don't have a connection, waiting for it...
WARN  2017-06-18 02:13:53 unity.glib.dbus.server GLibDBusServer.cpp:593 Can't register object 'org.gnome.ScreenSaver' yet as we don't have a connection, waiting for it...
WARN  2017-06-18 02:13:54 unityo (appinfo2) <unknown>:0 g_settings_set_value: value for key 'visual-bell-type' in schema 'org.gnome.desktop.wm.preferences' is outside of valid range
WARN  2017-06-18 02:13:54 unityo (appinfo2) <unknown>:0 g_settings_set_value: value for key 'visual-bell-type' in schema 'org.gnome.desktop.wm.preferences' is outside of valid range
WARN  2017-06-18 02:13:55 unityo (appinfo2) <unknown>:0 g_settings_set_value: value for key 'visual-bell-type' in schema 'org.gnome.desktop.wm.preferences' is outside of valid range
WARN  2017-06-18 02:13:55 unityo (appinfo2) <unknown>:0 g_settings_set_value: value for key 'visual-bell-type' in schema 'org.gnome.desktop.wm.preferences' is outside of valid range
WARN  2017-06-18 02:13:55 unityo (appinfo2) <unknown>:0 g_settings_set_value: value for key 'visual-bell-type' in schema 'org.gnome.desktop.wm.preferences' is outside of valid range
WARN  2017-06-18 02:13:55 unityo (appinfo2) <unknown>:0 g_settings_set_value: value for key 'visual-bell-type' in schema 'org.gnome.desktop.wm.preferences' is outside of valid range
WARN  2017-06-18 02:13:56 unityo (appinfo2) <unknown>:0 g_settings_set_value: value for key 'visual-bell-type' in schema 'org.gnome.desktop.wm.preferences' is outside of valid range
ERROR 2017-06-18 02:13:56 unity.glib.dbus.server GLibDBusServer.cpp:538 DBus name lost 'org.gnome.Shell'
ERROR 2017-06-18 02:13:56 unity.glib.dbus.server GLibDBusServer.cpp:538 DBus name lost 'com.canonical.Unity'
WARN  2017-06-18 02:13:56 unity.key.gnome.grabber GnomeKeyGrabber.cpp:108 Trying to grab a disabled action, we skip it
WARN  2017-06-18 02:13:56 unity.key.gnome.grabber GnomeKeyGrabber.cpp:108 Trying to grab a disabled action, we skip it
WARN  2017-06-18 02:13:56 unity.key.gnome.grabber GnomeKeyGrabber.cpp:108 Trying to grab a disabled action, we skip it
WARN  2017-06-18 02:13:56 unity.key.gnome.grabber GnomeKeyGrabber.cpp:108 Trying to grab a disabled action, we skip it
WARN  2017-06-18 02:13:56 unity.key.gnome.grabber GnomeKeyGrabber.cpp:108 Trying to grab a disabled action, we skip it
WARN  2017-06-18 02:13:56 unity.key.gnome.grabber GnomeKeyGrabber.cpp:108 Trying to grab a disabled action, we skip it
WARN  2017-06-18 02:13:56 unity.key.gnome.grabber GnomeKeyGrabber.cpp:108 Trying to grab a disabled action, we skip it
WARN  2017-06-18 02:13:56 unity.key.gnome.grabber GnomeKeyGrabber.cpp:108 Trying to grab a disabled action, we skip it
WARN  2017-06-18 02:13:56 unity.key.gnome.grabber GnomeKeyGrabber.cpp:108 Trying to grab a disabled action, we skip it
WARN  2017-06-18 02:13:56 unity.key.gnome.grabber GnomeKeyGrabber.cpp:108 Trying to grab a disabled action, we skip it
WARN  2017-06-18 02:20:14 unity.iconloader IconLoader.cpp:756 Unable to load icon file:/// at size -1x22: Can't open directory
ERROR 2017-06-18 02:38:14 unity.settings UnitySettings.cpp:318 Invalid monitor index: -1. Returning index 0 monitor instead.
ERROR 2017-06-18 02:53:22 unity.settings UnitySettings.cpp:318 Invalid monitor index: -1. Returning index 0 monitor instead.
ERROR 2017-06-18 03:24:33 unity.settings UnitySettings.cpp:318 Invalid monitor index: -1. Returning index 0 monitor instead.
ERROR 2017-06-18 03:24:35 unity.settings UnitySettings.cpp:318 Invalid monitor index: -1. Returning index 0 monitor instead.
ERROR 2017-06-18 03:25:24 unity.settings UnitySettings.cpp:318 Invalid monitor index: -1. Returning index 0 monitor instead.

(nautilus:7328): GLib-GIO-CRITICAL **: g_dbus_interface_skeleton_unexport: assertion 'interface_->priv->connections != NULL' failed

(nautilus:7328): GLib-GIO-CRITICAL **: g_dbus_interface_skeleton_unexport: assertion 'interface_->priv->connections != NULL' failed

(nautilus:7328): Gtk-CRITICAL **: gtk_icon_theme_get_for_screen: assertion 'GDK_IS_SCREEN (screen)' failed

(nautilus:7328): GLib-GObject-WARNING **: invalid (NULL) pointer instance

(nautilus:7328): GLib-GObject-CRITICAL **: g_signal_connect_object: assertion 'G_TYPE_CHECK_INSTANCE (instance)' failed
ERROR 2017-06-18 03:42:03 unity.settings UnitySettings.cpp:318 Invalid monitor index: -1. Returning index 0 monitor instead.
ERROR 2017-06-18 03:47:46 unity.settings UnitySettings.cpp:318 Invalid monitor index: -1. Returning index 0 monitor instead.

** (unity-webapps-runner:7662): WARNING **: Could not get a proper accuracy from Geoclue (NONE)
** Message: Launching webapp container for url 'http://www.amazon.com/?tag=u1webapp-20' and app_id 'ubuntu-amazon-default (command line 'webapp-container --app-id='ubuntu-amazon-default' --webapp --enable-back-forward   http://www.amazon.com/?tag=u1webapp-20')
Invalid webapp webapp definition: homepage not found or fails predicate isString
Could not open manifest file:  "/usr/share/unity-webapps/userscripts/unity-webapps-amazon/manifest.json"
qml: Loading webview on /home/jessicalee/.local/share/ubuntu-amazon-default
Invalid webapp webapp definition: homepage not found or fails predicate isString
Could not open manifest file:  "/usr/share/unity-webapps/userscripts/unity-webapps-amazon/manifest.json"
QQmlExpression: Expression file:///usr/share/webbrowser-app/webcontainer/WebApp.qml:273:25 depends on non-NOTIFYable properties:
    unity::action::qml::ActionManager::globalContext
qml: Pyotherside version 1.4.0
qml: Python version 3.5.1+
qml: Getting reference to python object via checkbox_touch.create_app_object
file:///usr/lib/x86_64-linux-gnu/qt5/qml/Ubuntu/Components/1.1/Button.qml:92: TypeError: Cannot read property 'defaultColor' of null
file:///usr/lib/x86_64-linux-gnu/qt5/qml/Ubuntu/Components/1.1/Button.qml:92: TypeError: Cannot read property 'defaultColor' of null
file:///usr/lib/x86_64-linux-gnu/qt5/qml/Ubuntu/Components/1.1/Button.qml:92: TypeError: Cannot read property 'defaultColor' of null
file:///usr/lib/x86_64-linux-gnu/qt5/qml/Ubuntu/Components/1.1/Button.qml:92: TypeError: Cannot read property 'defaultColor' of null
file:///usr/lib/x86_64-linux-gnu/qt5/qml/Ubuntu/Components/1.1/Button.qml:92: TypeError: Cannot read property 'defaultColor' of null
file:///usr/lib/x86_64-linux-gnu/qt5/qml/Ubuntu/Components/1.1/Button.qml:92: TypeError: Cannot read property 'defaultColor' of null
file:///usr/lib/x86_64-linux-gnu/qt5/qml/Ubuntu/Components/1.1/Button.qml:92: TypeError: Cannot read property 'defaultColor' of null
file:///usr/lib/x86_64-linux-gnu/qt5/qml/Ubuntu/Components/1.1/Button.qml:92: TypeError: Cannot read property 'defaultColor' of null
ATTENTION: default value of option force_s3tc_enable overridden by environment.
[0618/042356.623367:ERROR:browser_gpu_channel_host_factory.cc(113)] Failed to launch GPU process.
qml: Loaded 8 UA override(s) from file:///usr/lib/x86_64-linux-gnu/qt5/qml/Ubuntu/Web/ua-overrides-mobile.js
OxideQQuickWebView: canGoForward is deprecated. Please use the API provided by OxideQQuickNavigationHistory instead
OxideQQuickWebView: canGoBack is deprecated. Please use the API provided by OxideQQuickNavigationHistory instead
qml: Start browsing
file:///usr/share/webbrowser-app/webcontainer/ContentPickerDialog.qml:22:1: module "Ubuntu.Content" is not installed
file:///usr/share/webbrowser-app/webcontainer/ContentDownloadDialog.qml:22:1: module "Ubuntu.Content" is not installed
file:///usr/share/webbrowser-app/ContentHandler.qml:20:1: module "Ubuntu.Content" is not installed
file:///usr/share/webbrowser-app/Downloader.qml:22:1: module "Ubuntu.DownloadManager" is not installed
file:///usr/share/webbrowser-app/Downloader.qml:23:1: module "Ubuntu.Content" is not installed
file:///usr/share/webbrowser-app/Downloader.qml:22:1: module "Ubuntu.DownloadManager" is not installed
file:///usr/share/webbrowser-app/Downloader.qml:23:1: module "Ubuntu.Content" is not installed
qml: Loaded 8 UA override(s) from file:///usr/lib/x86_64-linux-gnu/qt5/qml/Ubuntu/Web/ua-overrides-desktop.js
[PERFORMANCE]: Last frame took 42 ms to render.
qml: Getting reference to python object via checkbox_touch.get_qml_logger
qml: invoking load_providers on object created withcheckbox_touch.create_app_object, with args: ["providers"] ...
INFO:checkbox.touch:Loading all providers from /usr/share/checkbox-converged/providers
INFO:plainbox.secure.providers.v1:Provider initialized plainbox-provider-checkbox, version 0.25
INFO:plainbox.secure.providers.v1:Provider initialized plainbox-provider-resource-generic, version 0.23
INFO:plainbox.secure.providers.v1:Provider initialized 2013.com.canonical.plainbox:manifest, version 1.0
INFO:plainbox.secure.providers.v1:Provider initialized 2013.com.canonical.plainbox:exporters, version 1.0
INFO:plainbox.secure.providers.v1:Provider initialized 2013.com.canonical.plainbox:categories, version 1.0
INFO:checkbox.touch.qml:load_providers on object created withcheckbox_touch.create_app_object, with args: ["providers"] returned: {"code":200}
INFO:checkbox.touch.qml:invoking get_version_pair on object created withcheckbox_touch.create_app_object, with args: [] ...
INFO:checkbox.touch.qml:get_version_pair on object created withcheckbox_touch.create_app_object, with args: [] returned: {"code":200,"result":{"application_version":"1.2.4","plainbox_version":"0.25"}}
INFO:checkbox.touch.qml:Plainbox version 0.25
INFO:checkbox.touch.qml:Checkbox Touch version 1.2.4
INFO:checkbox.touch.qml:invoking is_session_resumable on object created withcheckbox_touch.create_app_object, with args: [] ...
INFO:checkbox.touch.qml:is_session_resumable on object created withcheckbox_touch.create_app_object, with args: [] returned: {"code":200,"result":{"error_encountered":false,"resumable":false}}
INFO:checkbox.touch.qml:invoking start_session on object created withcheckbox_touch.create_app_object, with args: [] ...
INFO:plainbox.session.state:Provider 2013.com.canonical.plainbox:manifest, version 1.0 added to context <plainbox.impl.session.state.SessionDeviceContext object at 0x7f44ec0924e0>
INFO:plainbox.secure.providers.v1:Loading content for provider 2013.com.canonical.plainbox:manifest, version 1.0
INFO:plainbox.session.state:Provider 2013.com.canonical.plainbox:exporters, version 1.0 added to context <plainbox.impl.session.state.SessionDeviceContext object at 0x7f44ec0924e0>
INFO:plainbox.secure.providers.v1:Loading content for provider 2013.com.canonical.plainbox:exporters, version 1.0
TouchSelectionController::active is deprecated, use TouchSelectionController::status instead
INFO:plainbox.session.state:Provider 2013.com.canonical.plainbox:categories, version 1.0 added to context <plainbox.impl.session.state.SessionDeviceContext object at 0x7f44ec0924e0>
INFO:plainbox.secure.providers.v1:Loading content for provider 2013.com.canonical.plainbox:categories, version 1.0
INFO:plainbox.session.state:Provider plainbox-provider-checkbox, version 0.25 added to context <plainbox.impl.session.state.SessionDeviceContext object at 0x7f44ec0924e0>
INFO:plainbox.secure.providers.v1:Loading content for provider plainbox-provider-checkbox, version 0.25
[PERFORMANCE]: Last frame took 38 ms to render.
[PERFORMANCE]: Last frame took 58 ms to render.
context mismatch in svga_sampler_view_destroy
INFO:plainbox.session.state:Provider plainbox-provider-resource-generic, version 0.23 added to context <plainbox.impl.session.state.SessionDeviceContext object at 0x7f44ec0924e0>
INFO:plainbox.secure.providers.v1:Loading content for provider plainbox-provider-resource-generic, version 0.23
INFO:checkbox.touch.qml:start_session on object created withcheckbox_touch.create_app_object, with args: [] returned: {"code":200,"result":{"session_dir":"/home/jessicalee/.cache/com.ubuntu.checkbox/pbox-vmgb_c5m.session","session_id":"pbox-vmgb_c5m"}}
ERROR 2017-06-18 04:33:37 unity.settings UnitySettings.cpp:318 Invalid monitor index: -1. Returning index 0 monitor instead.
ERROR 2017-06-18 04:39:29 unity.settings UnitySettings.cpp:318 Invalid monitor index: -1. Returning index 0 monitor instead.
ERROR 2017-06-18 04:41:47 unity.settings UnitySettings.cpp:318 Invalid monitor index: -1. Returning index 0 monitor instead.
